=================================================================
==67809==ERROR: AddressSanitizer: heap-use-after-free on address 0x602000000490 at pc 0x00010a1f6879 bp 0x7ffee5a19200 sp 0x7ffee5a191f8
READ of size 1 at 0x602000000490 thread T0
    #0 0x10a1f6878 in strchr_ get_next_line_utils.c:8
    #1 0x10a1f655f in read_line get_next_line.c:26
    #2 0x10a1f6434 in get_next_line get_next_line.c:98
    #3 0x10a1f5a40 in test_gnl_func file_utils.c:40
    #4 0x10a1eef90 in main tester.c:193
    #5 0x7fff72a33cc8 in start+0x0 (libdyld.dylib:x86_64+0x1acc8)

0x602000000490 is located 0 bytes inside of 2-byte region [0x602000000490,0x602000000492)
freed by thread T0 here:
    #0 0x10d7f52c6 in wrap_free+0xa6 (libclang_rt.asan_osx_dynamic.dylib:x86_64h+0x492c6)
    #1 0x10a1f02d5 in free malloc_mock.c:82
    #2 0x10a1f63f0 in get_next_line get_next_line.c:95
    #3 0x10a1f5a40 in test_gnl_func file_utils.c:40
    #4 0x10a1eeecb in main tester.c:193
    #5 0x7fff72a33cc8 in start+0x0 (libdyld.dylib:x86_64+0x1acc8)

previously allocated by thread T0 here:
    #0 0x10d7f517d in wrap_malloc+0x9d (libclang_rt.asan_osx_dynamic.dylib:x86_64h+0x4917d)
    #1 0x10a1efc9c in malloc malloc_mock.c:65
    #2 0x10a1f6bd8 in ft_substr_ get_next_line_utils.c:51
    #3 0x10a1f622a in update_stash get_next_line.c:70
    #4 0x10a1f64c8 in get_next_line get_next_line.c:104
    #5 0x10a1f5a40 in test_gnl_func file_utils.c:40
    #6 0x10a1eee2e in main tester.c:193
    #7 0x7fff72a33cc8 in start+0x0 (libdyld.dylib:x86_64+0x1acc8)

SUMMARY: AddressSanitizer: heap-use-after-free get_next_line_utils.c:8 in strchr_
Error in test 4: get_next_line(5: "read_error.txt"): Memory problems!
     in sigabort utils.c:58:1
     in strchr_ get_next_line_utils.c:8:9
     in read_line get_next_line.c:26:59
     in get_next_line get_next_line.c:98:8
     in test_gnl_func file_utils.c:40:8
     in main tester.c:193:2

=================================================================
==67835==ERROR: AddressSanitizer: heap-use-after-free on address 0x6020000001f0 at pc 0x00010eaeb6d9 bp 0x7ffee111a200 sp 0x7ffee111a1f8
READ of size 1 at 0x6020000001f0 thread T0
    #0 0x10eaeb6d8 in strchr_ get_next_line_utils.c:8
    #1 0x10eaeb3bf in read_line get_next_line.c:26
    #2 0x10eaeb294 in get_next_line get_next_line.c:98
    #3 0x10eaea8a0 in test_gnl_func file_utils.c:40
    #4 0x10eae3842 in main tester.c:193
    #5 0x7fff72a33cc8 in start+0x0 (libdyld.dylib:x86_64+0x1acc8)

0x6020000001f0 is located 0 bytes inside of 10-byte region [0x6020000001f0,0x6020000001fa)
freed by thread T0 here:
    #0 0x112e542c6 in wrap_free+0xa6 (libclang_rt.asan_osx_dynamic.dylib:x86_64h+0x492c6)
    #1 0x10eae5125 in free malloc_mock.c:82
    #2 0x10eaeb250 in get_next_line get_next_line.c:95
    #3 0x10eaea8a0 in test_gnl_func file_utils.c:40
    #4 0x10eae376b in main tester.c:193
    #5 0x7fff72a33cc8 in start+0x0 (libdyld.dylib:x86_64+0x1acc8)

previously allocated by thread T0 here:
    #0 0x112e5417d in wrap_malloc+0x9d (libclang_rt.asan_osx_dynamic.dylib:x86_64h+0x4917d)
    #1 0x10eae4aec in malloc malloc_mock.c:65
    #2 0x10eaeba38 in ft_substr_ get_next_line_utils.c:51
    #3 0x10eaeb08a in update_stash get_next_line.c:70
    #4 0x10eaeb328 in get_next_line get_next_line.c:104
    #5 0x10eaea8a0 in test_gnl_func file_utils.c:40
    #6 0x10eae36bf in main tester.c:193
    #7 0x7fff72a33cc8 in start+0x0 (libdyld.dylib:x86_64+0x1acc8)

SUMMARY: AddressSanitizer: heap-use-after-free get_next_line_utils.c:8 in strchr_
Error in test 4: get_next_line(5: "read_error.txt"): Memory problems!
     in sigabort utils.c:58:1
     in strchr_ get_next_line_utils.c:8:9
     in read_line get_next_line.c:26:59
     in get_next_line get_next_line.c:98:8
     in test_gnl_func file_utils.c:40:8
     in main tester.c:193:2

=================================================================
==67861==ERROR: AddressSanitizer: heap-use-after-free on address 0x603000001750 at pc 0x00010593f739 bp 0x7ffeea2c6260 sp 0x7ffeea2c6258
READ of size 1 at 0x603000001750 thread T0
    #0 0x10593f738 in strchr_ get_next_line_utils.c:8
    #1 0x10593f41f in read_line get_next_line.c:26
    #2 0x10593f2f4 in get_next_line get_next_line.c:98
    #3 0x10593e900 in test_gnl_func file_utils.c:40
    #4 0x105937da3 in main tester.c:193
    #5 0x7fff72a33cc8 in start+0x0 (libdyld.dylib:x86_64+0x1acc8)

0x603000001750 is located 0 bytes inside of 24-byte region [0x603000001750,0x603000001768)
freed by thread T0 here:
    #0 0x108f3c2c6 in wrap_free+0xa6 (libclang_rt.asan_osx_dynamic.dylib:x86_64h+0x492c6)
    #1 0x105939185 in free malloc_mock.c:82
    #2 0x10593f2b0 in get_next_line get_next_line.c:95
    #3 0x105937d6c in main tester.c:193
    #4 0x7fff72a33cc8 in start+0x0 (libdyld.dylib:x86_64+0x1acc8)

previously allocated by thread T0 here:
    #0 0x108f3c17d in wrap_malloc+0x9d (libclang_rt.asan_osx_dynamic.dylib:x86_64h+0x4917d)
    #1 0x105938b4c in malloc malloc_mock.c:65
    #2 0x10593fa98 in ft_substr_ get_next_line_utils.c:51
    #3 0x10593f0ea in update_stash get_next_line.c:70
    #4 0x10593f388 in get_next_line get_next_line.c:104
    #5 0x10593e900 in test_gnl_func file_utils.c:40
    #6 0x105937ccb in main tester.c:193
    #7 0x7fff72a33cc8 in start+0x0 (libdyld.dylib:x86_64+0x1acc8)

SUMMARY: AddressSanitizer: heap-use-after-free get_next_line_utils.c:8 in strchr_
Error in test 3: get_next_line(5: "read_error.txt"): Memory problems!
     in sigabort utils.c:58:1
     in strchr_ get_next_line_utils.c:8:9
     in read_line get_next_line.c:26:59
     in get_next_line get_next_line.c:98:8
     in test_gnl_func file_utils.c:40:8
     in main tester.c:193:2

